[     337ms] [INFO] %cDownload the React DevTools for a better development experience: https://react.dev/link/react-devtools font-weight:bold @ http://localhost:3003/node_modules/.vite/deps/react-dom_client.js?v=b3577b4d:20102
[     459ms] [WARNING] Sentry DSN not configured; error logging disabled @ http://localhost:3003/services/sentry.ts:5
[ 1493495ms] [LOG] [vite] server connection lost. Polling for restart... @ http://localhost:3003/@vite/client:963
[ 1493516ms] [ERROR] WebSocket connection to 'ws://localhost:3003/' failed: Error in connection establishment: net::ERR_CONNECTION_REFUSED @ http://localhost:3003/@vite/client:1034
[ 1494519ms] [ERROR] WebSocket connection to 'ws://localhost:3003/' failed: Error in connection establishment: net::ERR_CONNECTION_REFUSED @ http://localhost:3003/@vite/client:1034
[ 1495523ms] [ERROR] WebSocket connection to 'ws://localhost:3003/' failed: Error in connection establishment: net::ERR_CONNECTION_REFUSED @ http://localhost:3003/@vite/client:1034
[ 1496543ms] [ERROR] WebSocket connection to 'ws://localhost:3003/' failed: Error in connection establishment: net::ERR_CONNECTION_REFUSED @ http://localhost:3003/@vite/client:1034
[ 1497554ms] [ERROR] WebSocket connection to 'ws://localhost:3003/' failed: Error in connection establishment: net::ERR_CONNECTION_REFUSED @ http://localhost:3003/@vite/client:1034
[ 1498562ms] [ERROR] WebSocket connection to 'ws://localhost:3003/' failed: Error in connection establishment: net::ERR_CONNECTION_REFUSED @ http://localhost:3003/@vite/client:1034
[ 1499576ms] [ERROR] WebSocket connection to 'ws://localhost:3003/' failed: Error in connection establishment: net::ERR_CONNECTION_REFUSED @ http://localhost:3003/@vite/client:1034
[ 1500602ms] [ERROR] WebSocket connection to 'ws://localhost:3003/' failed: Error in connection establishment: net::ERR_CONNECTION_REFUSED @ http://localhost:3003/@vite/client:1034
[ 1501614ms] [ERROR] WebSocket connection to 'ws://localhost:3003/' failed: Error in connection establishment: net::ERR_CONNECTION_REFUSED @ http://localhost:3003/@vite/client:1034
[ 1502641ms] [ERROR] WebSocket connection to 'ws://localhost:3003/' failed: Error in connection establishment: net::ERR_CONNECTION_REFUSED @ http://localhost:3003/@vite/client:1034
[ 1503743ms] [ERROR] WebSocket connection to 'ws://localhost:3003/' failed: Error in connection establishment: net::ERR_CONNECTION_REFUSED @ http://localhost:3003/@vite/client:1034
[ 1504982ms] [ERROR] WebSocket connection to 'ws://localhost:3003/' failed: Error in connection establishment: net::ERR_CONNECTION_REFUSED @ http://localhost:3003/@vite/client:1034
[ 1506309ms] [ERROR] WebSocket connection to 'ws://localhost:3003/' failed: Error in connection establishment: net::ERR_CONNECTION_REFUSED @ http://localhost:3003/@vite/client:1034
[ 1508076ms] [ERROR] WebSocket connection to 'ws://localhost:3003/' failed: Error in connection establishment: net::ERR_CONNECTION_REFUSED @ http://localhost:3003/@vite/client:1034
[ 1511261ms] [ERROR] WebSocket connection to 'ws://localhost:3003/' failed: Error in connection establishment: net::ERR_CONNECTION_REFUSED @ http://localhost:3003/@vite/client:1034
[ 1515745ms] [ERROR] WebSocket connection to 'ws://localhost:3003/' failed: Error in connection establishment: net::ERR_CONNECTION_REFUSED @ http://localhost:3003/@vite/client:1034
[ 1520636ms] [ERROR] WebSocket connection to 'ws://localhost:3003/' failed: Error in connection establishment: net::ERR_CONNECTION_REFUSED @ http://localhost:3003/@vite/client:1034
[ 1523061ms] [ERROR] WebSocket connection to 'ws://localhost:3003/' failed: Error in connection establishment: net::ERR_CONNECTION_REFUSED @ http://localhost:3003/@vite/client:1034
[ 1525490ms] [ERROR] WebSocket connection to 'ws://localhost:3003/' failed: Error in connection establishment: net::ERR_CONNECTION_REFUSED @ http://localhost:3003/@vite/client:1034
[ 1529334ms] [ERROR] WebSocket connection to 'ws://localhost:3003/' failed: Error in connection establishment: net::ERR_CONNECTION_REFUSED @ http://localhost:3003/@vite/client:1034
[ 1533006ms] [ERROR] WebSocket connection to 'ws://localhost:3003/' failed: Error in connection establishment: net::ERR_CONNECTION_REFUSED @ http://localhost:3003/@vite/client:1034
[ 1535635ms] [ERROR] WebSocket connection to 'ws://localhost:3003/' failed: Error in connection establishment: net::ERR_CONNECTION_REFUSED @ http://localhost:3003/@vite/client:1034
[ 1539615ms] [ERROR] WebSocket connection to 'ws://localhost:3003/' failed: Error in connection establishment: net::ERR_CONNECTION_REFUSED @ http://localhost:3003/@vite/client:1034
[ 1543170ms] [ERROR] WebSocket connection to 'ws://localhost:3003/' failed: Error in connection establishment: net::ERR_CONNECTION_REFUSED @ http://localhost:3003/@vite/client:1034
[ 1547101ms] [ERROR] WebSocket connection to 'ws://localhost:3003/' failed: Error in connection establishment: net::ERR_CONNECTION_REFUSED @ http://localhost:3003/@vite/client:1034
[ 1552514ms] [ERROR] WebSocket connection to 'ws://localhost:3003/' failed: Error in connection establishment: net::ERR_CONNECTION_REFUSED @ http://localhost:3003/@vite/client:1034
[ 1555680ms] [ERROR] WebSocket connection to 'ws://localhost:3003/' failed: Error in connection establishment: net::ERR_CONNECTION_REFUSED @ http://localhost:3003/@vite/client:1034
[ 1559042ms] [ERROR] WebSocket connection to 'ws://localhost:3003/' failed: Error in connection establishment: net::ERR_CONNECTION_REFUSED @ http://localhost:3003/@vite/client:1034
[ 1564461ms] [ERROR] WebSocket connection to 'ws://localhost:3003/' failed: Error in connection establishment: net::ERR_CONNECTION_REFUSED @ http://localhost:3003/@vite/client:1034
[ 1568732ms] [ERROR] WebSocket connection to 'ws://localhost:3003/' failed: Error in connection establishment: net::ERR_CONNECTION_REFUSED @ http://localhost:3003/@vite/client:1034
[ 1573799ms] [ERROR] WebSocket connection to 'ws://localhost:3003/' failed: Error in connection establishment: net::ERR_CONNECTION_REFUSED @ http://localhost:3003/@vite/client:1034
[ 1578288ms] [ERROR] WebSocket connection to 'ws://localhost:3003/' failed: Error in connection establishment: net::ERR_CONNECTION_REFUSED @ http://localhost:3003/@vite/client:1034
[ 1581198ms] [ERROR] WebSocket connection to 'ws://localhost:3003/' failed: Error in connection establishment: net::ERR_CONNECTION_REFUSED @ http://localhost:3003/@vite/client:1034
[ 1584973ms] [ERROR] WebSocket connection to 'ws://localhost:3003/' failed: Error in connection establishment: net::ERR_CONNECTION_REFUSED @ http://localhost:3003/@vite/client:1034
[ 1590482ms] [ERROR] WebSocket connection to 'ws://localhost:3003/' failed: Error in connection establishment: net::ERR_CONNECTION_REFUSED @ http://localhost:3003/@vite/client:1034
[ 1594475ms] [ERROR] WebSocket connection to 'ws://localhost:3003/' failed: Error in connection establishment: net::ERR_CONNECTION_REFUSED @ http://localhost:3003/@vite/client:1034
[ 1597623ms] [ERROR] WebSocket connection to 'ws://localhost:3003/' failed: Error in connection establishment: net::ERR_CONNECTION_REFUSED @ http://localhost:3003/@vite/client:1034
[ 1600855ms] [ERROR] WebSocket connection to 'ws://localhost:3003/' failed: Error in connection establishment: net::ERR_CONNECTION_REFUSED @ http://localhost:3003/@vite/client:1034
[ 1603289ms] [ERROR] WebSocket connection to 'ws://localhost:3003/' failed: Error in connection establishment: net::ERR_CONNECTION_REFUSED @ http://localhost:3003/@vite/client:1034
[ 1607934ms] [ERROR] WebSocket connection to 'ws://localhost:3003/' failed: Error in connection establishment: net::ERR_CONNECTION_REFUSED @ http://localhost:3003/@vite/client:1034
[ 1612817ms] [ERROR] WebSocket connection to 'ws://localhost:3003/' failed: Error in connection establishment: net::ERR_CONNECTION_REFUSED @ http://localhost:3003/@vite/client:1034
[ 1613820ms] [ERROR] WebSocket connection to 'ws://localhost:3003/' failed: Error in connection establishment: net::ERR_CONNECTION_REFUSED @ http://localhost:3003/@vite/client:1034
[ 1614823ms] [ERROR] WebSocket connection to 'ws://localhost:3003/' failed: Error in connection establishment: net::ERR_CONNECTION_REFUSED @ http://localhost:3003/@vite/client:1034
[ 1615828ms] [ERROR] WebSocket connection to 'ws://localhost:3003/' failed: Error in connection establishment: net::ERR_CONNECTION_REFUSED @ http://localhost:3003/@vite/client:1034
[ 1616831ms] [ERROR] WebSocket connection to 'ws://localhost:3003/' failed: Error in connection establishment: net::ERR_CONNECTION_REFUSED @ http://localhost:3003/@vite/client:1034
[ 1617836ms] [ERROR] WebSocket connection to 'ws://localhost:3003/' failed: Error in connection establishment: net::ERR_CONNECTION_REFUSED @ http://localhost:3003/@vite/client:1034
[ 1618942ms] [ERROR] WebSocket connection to 'ws://localhost:3003/' failed: Error in connection establishment: net::ERR_CONNECTION_REFUSED @ http://localhost:3003/@vite/client:1034
[ 1619950ms] [ERROR] WebSocket connection to 'ws://localhost:3003/' failed: Error in connection establishment: net::ERR_CONNECTION_REFUSED @ http://localhost:3003/@vite/client:1034
[ 1620972ms] [ERROR] WebSocket connection to 'ws://localhost:3003/' failed: Error in connection establishment: net::ERR_CONNECTION_REFUSED @ http://localhost:3003/@vite/client:1034
[ 1622002ms] [ERROR] WebSocket connection to 'ws://localhost:3003/' failed: Error in connection establishment: net::ERR_CONNECTION_REFUSED @ http://localhost:3003/@vite/client:1034
[ 1623058ms] [ERROR] WebSocket connection to 'ws://localhost:3003/' failed: Error in connection establishment: net::ERR_CONNECTION_REFUSED @ http://localhost:3003/@vite/client:1034
[ 1624161ms] [ERROR] WebSocket connection to 'ws://localhost:3003/' failed: Error in connection establishment: net::ERR_CONNECTION_REFUSED @ http://localhost:3003/@vite/client:1034
[ 1625267ms] [ERROR] WebSocket connection to 'ws://localhost:3003/' failed: Error in connection establishment: net::ERR_CONNECTION_REFUSED @ http://localhost:3003/@vite/client:1034
[ 1626618ms] [ERROR] WebSocket connection to 'ws://localhost:3003/' failed: Error in connection establishment: net::ERR_CONNECTION_REFUSED @ http://localhost:3003/@vite/client:1034
[ 1628122ms] [ERROR] WebSocket connection to 'ws://localhost:3003/' failed: Error in connection establishment: net::ERR_CONNECTION_REFUSED @ http://localhost:3003/@vite/client:1034
[ 1631586ms] [ERROR] WebSocket connection to 'ws://localhost:3003/' failed: Error in connection establishment: net::ERR_CONNECTION_REFUSED @ http://localhost:3003/@vite/client:1034
[ 1637132ms] [ERROR] WebSocket connection to 'ws://localhost:3003/' failed: Error in connection establishment: net::ERR_CONNECTION_REFUSED @ http://localhost:3003/@vite/client:1034
[ 1640499ms] [ERROR] WebSocket connection to 'ws://localhost:3003/' failed: Error in connection establishment: net::ERR_CONNECTION_REFUSED @ http://localhost:3003/@vite/client:1034
[ 1644023ms] [ERROR] WebSocket connection to 'ws://localhost:3003/' failed: Error in connection establishment: net::ERR_CONNECTION_REFUSED @ http://localhost:3003/@vite/client:1034
[ 1647133ms] [ERROR] WebSocket connection to 'ws://localhost:3003/' failed: Error in connection establishment: net::ERR_CONNECTION_REFUSED @ http://localhost:3003/@vite/client:1034
[ 1652558ms] [ERROR] WebSocket connection to 'ws://localhost:3003/' failed: Error in connection establishment: net::ERR_CONNECTION_REFUSED @ http://localhost:3003/@vite/client:1034
[ 1656275ms] [ERROR] WebSocket connection to 'ws://localhost:3003/' failed: Error in connection establishment: net::ERR_CONNECTION_REFUSED @ http://localhost:3003/@vite/client:1034
[ 1660672ms] [ERROR] WebSocket connection to 'ws://localhost:3003/' failed: Error in connection establishment: net::ERR_CONNECTION_REFUSED @ http://localhost:3003/@vite/client:1034
[ 1664400ms] [ERROR] WebSocket connection to 'ws://localhost:3003/' failed: Error in connection establishment: net::ERR_CONNECTION_REFUSED @ http://localhost:3003/@vite/client:1034
[ 1668539ms] [ERROR] WebSocket connection to 'ws://localhost:3003/' failed: Error in connection establishment: net::ERR_CONNECTION_REFUSED @ http://localhost:3003/@vite/client:1034
[ 1673801ms] [ERROR] WebSocket connection to 'ws://localhost:3003/' failed: Error in connection establishment: net::ERR_CONNECTION_REFUSED @ http://localhost:3003/@vite/client:1034
[ 1676426ms] [ERROR] WebSocket connection to 'ws://localhost:3003/' failed: Error in connection establishment: net::ERR_CONNECTION_REFUSED @ http://localhost:3003/@vite/client:1034
[ 1679207ms] [ERROR] WebSocket connection to 'ws://localhost:3003/' failed: Error in connection establishment: net::ERR_CONNECTION_REFUSED @ http://localhost:3003/@vite/client:1034
[ 1683708ms] [ERROR] WebSocket connection to 'ws://localhost:3003/' failed: Error in connection establishment: net::ERR_CONNECTION_REFUSED @ http://localhost:3003/@vite/client:1034
[ 1686132ms] [ERROR] WebSocket connection to 'ws://localhost:3003/' failed: Error in connection establishment: net::ERR_CONNECTION_REFUSED @ http://localhost:3003/@vite/client:1034
[ 1688742ms] [ERROR] WebSocket connection to 'ws://localhost:3003/' failed: Error in connection establishment: net::ERR_CONNECTION_REFUSED @ http://localhost:3003/@vite/client:1034
[ 1691105ms] [ERROR] WebSocket connection to 'ws://localhost:3003/' failed: Error in connection establishment: net::ERR_CONNECTION_REFUSED @ http://localhost:3003/@vite/client:1034
[ 1696273ms] [ERROR] WebSocket connection to 'ws://localhost:3003/' failed: Error in connection establishment: net::ERR_CONNECTION_REFUSED @ http://localhost:3003/@vite/client:1034
[ 1699689ms] [ERROR] WebSocket connection to 'ws://localhost:3003/' failed: Error in connection establishment: net::ERR_CONNECTION_REFUSED @ http://localhost:3003/@vite/client:1034
[ 1701936ms] [ERROR] WebSocket connection to 'ws://localhost:3003/' failed: Error in connection establishment: net::ERR_CONNECTION_REFUSED @ http://localhost:3003/@vite/client:1034
[ 1705751ms] [ERROR] WebSocket connection to 'ws://localhost:3003/' failed: Error in connection establishment: net::ERR_CONNECTION_REFUSED @ http://localhost:3003/@vite/client:1034
[ 1709858ms] [ERROR] WebSocket connection to 'ws://localhost:3003/' failed: Error in connection establishment: net::ERR_CONNECTION_REFUSED @ http://localhost:3003/@vite/client:1034
[ 1713192ms] [ERROR] WebSocket connection to 'ws://localhost:3003/' failed: Error in connection establishment: net::ERR_CONNECTION_REFUSED @ http://localhost:3003/@vite/client:1034
[ 1716958ms] [ERROR] WebSocket connection to 'ws://localhost:3003/' failed: Error in connection establishment: net::ERR_CONNECTION_REFUSED @ http://localhost:3003/@vite/client:1034
[ 1720975ms] [ERROR] WebSocket connection to 'ws://localhost:3003/' failed: Error in connection establishment: net::ERR_CONNECTION_REFUSED @ http://localhost:3003/@vite/client:1034
[ 1724329ms] [ERROR] WebSocket connection to 'ws://localhost:3003/' failed: Error in connection establishment: net::ERR_CONNECTION_REFUSED @ http://localhost:3003/@vite/client:1034
[ 1727291ms] [ERROR] WebSocket connection to 'ws://localhost:3003/' failed: Error in connection establishment: net::ERR_CONNECTION_REFUSED @ http://localhost:3003/@vite/client:1034
[ 1732743ms] [ERROR] WebSocket connection to 'ws://localhost:3003/' failed: Error in connection establishment: net::ERR_CONNECTION_REFUSED @ http://localhost:3003/@vite/client:1034
[ 1733879ms] [ERROR] WebSocket connection to 'ws://localhost:3003/' failed: Error in connection establishment: net::ERR_CONNECTION_REFUSED @ http://localhost:3003/@vite/client:1034
[ 1735079ms] [ERROR] WebSocket connection to 'ws://localhost:3003/' failed: Error in connection establishment: net::ERR_CONNECTION_REFUSED @ http://localhost:3003/@vite/client:1034
[ 1736089ms] [ERROR] WebSocket connection to 'ws://localhost:3003/' failed: Error in connection establishment: net::ERR_CONNECTION_REFUSED @ http://localhost:3003/@vite/client:1034
[ 1737093ms] [ERROR] WebSocket connection to 'ws://localhost:3003/' failed: Error in connection establishment: net::ERR_CONNECTION_REFUSED @ http://localhost:3003/@vite/client:1034
[ 1738103ms] [ERROR] WebSocket connection to 'ws://localhost:3003/' failed: Error in connection establishment: net::ERR_CONNECTION_REFUSED @ http://localhost:3003/@vite/client:1034
[ 1739124ms] [ERROR] WebSocket connection to 'ws://localhost:3003/' failed: Error in connection establishment: net::ERR_CONNECTION_REFUSED @ http://localhost:3003/@vite/client:1034
[ 1740139ms] [ERROR] WebSocket connection to 'ws://localhost:3003/' failed: Error in connection establishment: net::ERR_CONNECTION_REFUSED @ http://localhost:3003/@vite/client:1034
[ 1741153ms] [ERROR] WebSocket connection to 'ws://localhost:3003/' failed: Error in connection establishment: net::ERR_CONNECTION_REFUSED @ http://localhost:3003/@vite/client:1034
[ 1742170ms] [ERROR] WebSocket connection to 'ws://localhost:3003/' failed: Error in connection establishment: net::ERR_CONNECTION_REFUSED @ http://localhost:3003/@vite/client:1034
[ 1743222ms] [ERROR] WebSocket connection to 'ws://localhost:3003/' failed: Error in connection establishment: net::ERR_CONNECTION_REFUSED @ http://localhost:3003/@vite/client:1034
[ 1744355ms] [ERROR] WebSocket connection to 'ws://localhost:3003/' failed: Error in connection establishment: net::ERR_CONNECTION_REFUSED @ http://localhost:3003/@vite/client:1034
[ 1745665ms] [ERROR] WebSocket connection to 'ws://localhost:3003/' failed: Error in connection establishment: net::ERR_CONNECTION_REFUSED @ http://localhost:3003/@vite/client:1034
[ 1747186ms] [ERROR] WebSocket connection to 'ws://localhost:3003/' failed: Error in connection establishment: net::ERR_CONNECTION_REFUSED @ http://localhost:3003/@vite/client:1034
[ 1748738ms] [ERROR] WebSocket connection to 'ws://localhost:3003/' failed: Error in connection establishment: net::ERR_CONNECTION_REFUSED @ http://localhost:3003/@vite/client:1034
[ 1751017ms] [ERROR] WebSocket connection to 'ws://localhost:3003/' failed: Error in connection establishment: net::ERR_CONNECTION_REFUSED @ http://localhost:3003/@vite/client:1034
[ 1754091ms] [ERROR] WebSocket connection to 'ws://localhost:3003/' failed: Error in connection establishment: net::ERR_CONNECTION_REFUSED @ http://localhost:3003/@vite/client:1034
[ 1759476ms] [ERROR] WebSocket connection to 'ws://localhost:3003/' failed: Error in connection establishment: net::ERR_CONNECTION_REFUSED @ http://localhost:3003/@vite/client:1034
[ 1762731ms] [ERROR] WebSocket connection to 'ws://localhost:3003/' failed: Error in connection establishment: net::ERR_CONNECTION_REFUSED @ http://localhost:3003/@vite/client:1034
[ 1766103ms] [ERROR] WebSocket connection to 'ws://localhost:3003/' failed: Error in connection establishment: net::ERR_CONNECTION_REFUSED @ http://localhost:3003/@vite/client:1034
[ 1771641ms] [ERROR] WebSocket connection to 'ws://localhost:3003/' failed: Error in connection establishment: net::ERR_CONNECTION_REFUSED @ http://localhost:3003/@vite/client:1034
[ 1775367ms] [ERROR] WebSocket connection to 'ws://localhost:3003/' failed: Error in connection establishment: net::ERR_CONNECTION_REFUSED @ http://localhost:3003/@vite/client:1034
[ 1778305ms] [ERROR] WebSocket connection to 'ws://localhost:3003/' failed: Error in connection establishment: net::ERR_CONNECTION_REFUSED @ http://localhost:3003/@vite/client:1034
[ 1782331ms] [ERROR] WebSocket connection to 'ws://localhost:3003/' failed: Error in connection establishment: net::ERR_CONNECTION_REFUSED @ http://localhost:3003/@vite/client:1034
[ 1785820ms] [ERROR] WebSocket connection to 'ws://localhost:3003/' failed: Error in connection establishment: net::ERR_CONNECTION_REFUSED @ http://localhost:3003/@vite/client:1034
[ 1789511ms] [ERROR] WebSocket connection to 'ws://localhost:3003/' failed: Error in connection establishment: net::ERR_CONNECTION_REFUSED @ http://localhost:3003/@vite/client:1034
[ 1795080ms] [ERROR] WebSocket connection to 'ws://localhost:3003/' failed: Error in connection establishment: net::ERR_CONNECTION_REFUSED @ http://localhost:3003/@vite/client:1034
[ 1797785ms] [ERROR] WebSocket connection to 'ws://localhost:3003/' failed: Error in connection establishment: net::ERR_CONNECTION_REFUSED @ http://localhost:3003/@vite/client:1034
[ 1800852ms] [ERROR] WebSocket connection to 'ws://localhost:3003/' failed: Error in connection establishment: net::ERR_CONNECTION_REFUSED @ http://localhost:3003/@vite/client:1034
[ 1803025ms] [ERROR] WebSocket connection to 'ws://localhost:3003/' failed: Error in connection establishment: net::ERR_CONNECTION_REFUSED @ http://localhost:3003/@vite/client:1034
[ 1807139ms] [ERROR] WebSocket connection to 'ws://localhost:3003/' failed: Error in connection establishment: net::ERR_CONNECTION_REFUSED @ http://localhost:3003/@vite/client:1034
[ 1812927ms] [ERROR] WebSocket connection to 'ws://localhost:3003/' failed: Error in connection establishment: net::ERR_CONNECTION_REFUSED @ http://localhost:3003/@vite/client:1034
[ 1816116ms] [ERROR] WebSocket connection to 'ws://localhost:3003/' failed: Error in connection establishment: net::ERR_CONNECTION_REFUSED @ http://localhost:3003/@vite/client:1034
[ 1818930ms] [ERROR] WebSocket connection to 'ws://localhost:3003/' failed: Error in connection establishment: net::ERR_CONNECTION_REFUSED @ http://localhost:3003/@vite/client:1034
[ 1824770ms] [ERROR] WebSocket connection to 'ws://localhost:3003/' failed: Error in connection establishment: net::ERR_CONNECTION_REFUSED @ http://localhost:3003/@vite/client:1034
[ 1830101ms] [ERROR] WebSocket connection to 'ws://localhost:3003/' failed: Error in connection establishment: net::ERR_CONNECTION_REFUSED @ http://localhost:3003/@vite/client:1034
[ 1833288ms] [ERROR] WebSocket connection to 'ws://localhost:3003/' failed: Error in connection establishment: net::ERR_CONNECTION_REFUSED @ http://localhost:3003/@vite/client:1034
[ 1838105ms] [ERROR] WebSocket connection to 'ws://localhost:3003/' failed: Error in connection establishment: net::ERR_CONNECTION_REFUSED @ http://localhost:3003/@vite/client:1034
[ 1843189ms] [ERROR] WebSocket connection to 'ws://localhost:3003/' failed: Error in connection establishment: net::ERR_CONNECTION_REFUSED @ http://localhost:3003/@vite/client:1034
[ 1847433ms] [ERROR] WebSocket connection to 'ws://localhost:3003/' failed: Error in connection establishment: net::ERR_CONNECTION_REFUSED @ http://localhost:3003/@vite/client:1034
[ 1851097ms] [ERROR] WebSocket connection to 'ws://localhost:3003/' failed: Error in connection establishment: net::ERR_CONNECTION_REFUSED @ http://localhost:3003/@vite/client:1034
[ 1854301ms] [ERROR] WebSocket connection to 'ws://localhost:3003/' failed: Error in connection establishment: net::ERR_CONNECTION_REFUSED @ http://localhost:3003/@vite/client:1034
[ 1857999ms] [ERROR] WebSocket connection to 'ws://localhost:3003/' failed: Error in connection establishment: net::ERR_CONNECTION_REFUSED @ http://localhost:3003/@vite/client:1034
[ 1862920ms] [ERROR] WebSocket connection to 'ws://localhost:3003/' failed: Error in connection establishment: net::ERR_CONNECTION_REFUSED @ http://localhost:3003/@vite/client:1034
[ 1866001ms] [ERROR] WebSocket connection to 'ws://localhost:3003/' failed: Error in connection establishment: net::ERR_CONNECTION_REFUSED @ http://localhost:3003/@vite/client:1034
[ 1871264ms] [ERROR] WebSocket connection to 'ws://localhost:3003/' failed: Error in connection establishment: net::ERR_CONNECTION_REFUSED @ http://localhost:3003/@vite/client:1034
[ 1874159ms] [ERROR] WebSocket connection to 'ws://localhost:3003/' failed: Error in connection establishment: net::ERR_CONNECTION_REFUSED @ http://localhost:3003/@vite/client:1034
[ 1878116ms] [ERROR] WebSocket connection to 'ws://localhost:3003/' failed: Error in connection establishment: net::ERR_CONNECTION_REFUSED @ http://localhost:3003/@vite/client:1034
[ 1880850ms] [ERROR] WebSocket connection to 'ws://localhost:3003/' failed: Error in connection establishment: net::ERR_CONNECTION_REFUSED @ http://localhost:3003/@vite/client:1034
[ 1884835ms] [ERROR] WebSocket connection to 'ws://localhost:3003/' failed: Error in connection establishment: net::ERR_CONNECTION_REFUSED @ http://localhost:3003/@vite/client:1034
[ 1888542ms] [ERROR] WebSocket connection to 'ws://localhost:3003/' failed: Error in connection establishment: net::ERR_CONNECTION_REFUSED @ http://localhost:3003/@vite/client:1034
[ 1890752ms] [ERROR] WebSocket connection to 'ws://localhost:3003/' failed: Error in connection establishment: net::ERR_CONNECTION_REFUSED @ http://localhost:3003/@vite/client:1034
[ 1893644ms] [ERROR] WebSocket connection to 'ws://localhost:3003/' failed: Error in connection establishment: net::ERR_CONNECTION_REFUSED @ http://localhost:3003/@vite/client:1034
[ 1899639ms] [ERROR] WebSocket connection to 'ws://localhost:3003/' failed: Error in connection establishment: net::ERR_CONNECTION_REFUSED @ http://localhost:3003/@vite/client:1034
[ 1902308ms] [ERROR] WebSocket connection to 'ws://localhost:3003/' failed: Error in connection establishment: net::ERR_CONNECTION_REFUSED @ http://localhost:3003/@vite/client:1034
[ 1905308ms] [ERROR] WebSocket connection to 'ws://localhost:3003/' failed: Error in connection establishment: net::ERR_CONNECTION_REFUSED @ http://localhost:3003/@vite/client:1034
[ 1909428ms] [ERROR] WebSocket connection to 'ws://localhost:3003/' failed: Error in connection establishment: net::ERR_CONNECTION_REFUSED @ http://localhost:3003/@vite/client:1034
[ 1913826ms] [ERROR] WebSocket connection to 'ws://localhost:3003/' failed: Error in connection establishment: net::ERR_CONNECTION_REFUSED @ http://localhost:3003/@vite/client:1034
[ 1915908ms] [ERROR] WebSocket connection to 'ws://localhost:3003/' failed: Error in connection establishment: net::ERR_CONNECTION_REFUSED @ http://localhost:3003/@vite/client:1034
[ 1920039ms] [ERROR] WebSocket connection to 'ws://localhost:3003/' failed: Error in connection establishment: net::ERR_CONNECTION_REFUSED @ http://localhost:3003/@vite/client:1034
[ 1923628ms] [ERROR] WebSocket connection to 'ws://localhost:3003/' failed: Error in connection establishment: net::ERR_CONNECTION_REFUSED @ http://localhost:3003/@vite/client:1034
[ 1926217ms] [ERROR] WebSocket connection to 'ws://localhost:3003/' failed: Error in connection establishment: net::ERR_CONNECTION_REFUSED @ http://localhost:3003/@vite/client:1034
[ 1930319ms] [ERROR] WebSocket connection to 'ws://localhost:3003/' failed: Error in connection establishment: net::ERR_CONNECTION_REFUSED @ http://localhost:3003/@vite/client:1034
[ 1935423ms] [ERROR] WebSocket connection to 'ws://localhost:3003/' failed: Error in connection establishment: net::ERR_CONNECTION_REFUSED @ http://localhost:3003/@vite/client:1034
[ 1941369ms] [ERROR] WebSocket connection to 'ws://localhost:3003/' failed: Error in connection establishment: net::ERR_CONNECTION_REFUSED @ http://localhost:3003/@vite/client:1034
[ 1943539ms] [ERROR] WebSocket connection to 'ws://localhost:3003/' failed: Error in connection establishment: net::ERR_CONNECTION_REFUSED @ http://localhost:3003/@vite/client:1034
[ 1948183ms] [ERROR] WebSocket connection to 'ws://localhost:3003/' failed: Error in connection establishment: net::ERR_CONNECTION_REFUSED @ http://localhost:3003/@vite/client:1034
[ 1952034ms] [ERROR] WebSocket connection to 'ws://localhost:3003/' failed: Error in connection establishment: net::ERR_CONNECTION_REFUSED @ http://localhost:3003/@vite/client:1034
[ 1954739ms] [ERROR] WebSocket connection to 'ws://localhost:3003/' failed: Error in connection establishment: net::ERR_CONNECTION_REFUSED @ http://localhost:3003/@vite/client:1034
[ 1959043ms] [ERROR] WebSocket connection to 'ws://localhost:3003/' failed: Error in connection establishment: net::ERR_CONNECTION_REFUSED @ http://localhost:3003/@vite/client:1034
[ 1964892ms] [ERROR] WebSocket connection to 'ws://localhost:3003/' failed: Error in connection establishment: net::ERR_CONNECTION_REFUSED @ http://localhost:3003/@vite/client:1034
[ 1970642ms] [ERROR] WebSocket connection to 'ws://localhost:3003/' failed: Error in connection establishment: net::ERR_CONNECTION_REFUSED @ http://localhost:3003/@vite/client:1034
[ 1972942ms] [ERROR] WebSocket connection to 'ws://localhost:3003/' failed: Error in connection establishment: net::ERR_CONNECTION_REFUSED @ http://localhost:3003/@vite/client:1034
[ 1973946ms] [ERROR] WebSocket connection to 'ws://localhost:3003/' failed: Error in connection establishment: net::ERR_CONNECTION_REFUSED @ http://localhost:3003/@vite/client:1034
[ 1974950ms] [ERROR] WebSocket connection to 'ws://localhost:3003/' failed: Error in connection establishment: net::ERR_CONNECTION_REFUSED @ http://localhost:3003/@vite/client:1034
[ 1975953ms] [ERROR] WebSocket connection to 'ws://localhost:3003/' failed: Error in connection establishment: net::ERR_CONNECTION_REFUSED @ http://localhost:3003/@vite/client:1034
[ 1976955ms] [ERROR] WebSocket connection to 'ws://localhost:3003/' failed: Error in connection establishment: net::ERR_CONNECTION_REFUSED @ http://localhost:3003/@vite/client:1034
[ 1977958ms] [ERROR] WebSocket connection to 'ws://localhost:3003/' failed: Error in connection establishment: net::ERR_CONNECTION_REFUSED @ http://localhost:3003/@vite/client:1034
[ 1978962ms] [ERROR] WebSocket connection to 'ws://localhost:3003/' failed: Error in connection establishment: net::ERR_CONNECTION_REFUSED @ http://localhost:3003/@vite/client:1034
[ 1979970ms] [ERROR] WebSocket connection to 'ws://localhost:3003/' failed: Error in connection establishment: net::ERR_CONNECTION_REFUSED @ http://localhost:3003/@vite/client:1034
[ 1980999ms] [ERROR] WebSocket connection to 'ws://localhost:3003/' failed: Error in connection establishment: net::ERR_CONNECTION_REFUSED @ http://localhost:3003/@vite/client:1034
[ 1982022ms] [ERROR] WebSocket connection to 'ws://localhost:3003/' failed: Error in connection establishment: net::ERR_CONNECTION_REFUSED @ http://localhost:3003/@vite/client:1034
[ 1983084ms] [ERROR] WebSocket connection to 'ws://localhost:3003/' failed: Error in connection establishment: net::ERR_CONNECTION_REFUSED @ http://localhost:3003/@vite/client:1034
[ 1984163ms] [ERROR] WebSocket connection to 'ws://localhost:3003/' failed: Error in connection establishment: net::ERR_CONNECTION_REFUSED @ http://localhost:3003/@vite/client:1034
[ 1985239ms] [ERROR] WebSocket connection to 'ws://localhost:3003/' failed: Error in connection establishment: net::ERR_CONNECTION_REFUSED @ http://localhost:3003/@vite/client:1034
[ 1986642ms] [ERROR] WebSocket connection to 'ws://localhost:3003/' failed: Error in connection establishment: net::ERR_CONNECTION_REFUSED @ http://localhost:3003/@vite/client:1034
[ 1988118ms] [ERROR] WebSocket connection to 'ws://localhost:3003/' failed: Error in connection establishment: net::ERR_CONNECTION_REFUSED @ http://localhost:3003/@vite/client:1034
[ 1989896ms] [ERROR] WebSocket connection to 'ws://localhost:3003/' failed: Error in connection establishment: net::ERR_CONNECTION_REFUSED @ http://localhost:3003/@vite/client:1034
[ 1993267ms] [ERROR] WebSocket connection to 'ws://localhost:3003/' failed: Error in connection establishment: net::ERR_CONNECTION_REFUSED @ http://localhost:3003/@vite/client:1034
[ 1999018ms] [ERROR] WebSocket connection to 'ws://localhost:3003/' failed: Error in connection establishment: net::ERR_CONNECTION_REFUSED @ http://localhost:3003/@vite/client:1034
[ 2003979ms] [ERROR] WebSocket connection to 'ws://localhost:3003/' failed: Error in connection establishment: net::ERR_CONNECTION_REFUSED @ http://localhost:3003/@vite/client:1034
[ 2006406ms] [ERROR] WebSocket connection to 'ws://localhost:3003/' failed: Error in connection establishment: net::ERR_CONNECTION_REFUSED @ http://localhost:3003/@vite/client:1034
[ 2010317ms] [ERROR] WebSocket connection to 'ws://localhost:3003/' failed: Error in connection establishment: net::ERR_CONNECTION_REFUSED @ http://localhost:3003/@vite/client:1034
[ 2015675ms] [ERROR] WebSocket connection to 'ws://localhost:3003/' failed: Error in connection establishment: net::ERR_CONNECTION_REFUSED @ http://localhost:3003/@vite/client:1034
[ 2020466ms] [ERROR] WebSocket connection to 'ws://localhost:3003/' failed: Error in connection establishment: net::ERR_CONNECTION_REFUSED @ http://localhost:3003/@vite/client:1034
[ 2024595ms] [ERROR] WebSocket connection to 'ws://localhost:3003/' failed: Error in connection establishment: net::ERR_CONNECTION_REFUSED @ http://localhost:3003/@vite/client:1034
[ 2026623ms] [ERROR] WebSocket connection to 'ws://localhost:3003/' failed: Error in connection establishment: net::ERR_CONNECTION_REFUSED @ http://localhost:3003/@vite/client:1034
[ 2029721ms] [ERROR] WebSocket connection to 'ws://localhost:3003/' failed: Error in connection establishment: net::ERR_CONNECTION_REFUSED @ http://localhost:3003/@vite/client:1034
[ 2035035ms] [ERROR] WebSocket connection to 'ws://localhost:3003/' failed: Error in connection establishment: net::ERR_CONNECTION_REFUSED @ http://localhost:3003/@vite/client:1034
[ 2040498ms] [ERROR] WebSocket connection to 'ws://localhost:3003/' failed: Error in connection establishment: net::ERR_CONNECTION_REFUSED @ http://localhost:3003/@vite/client:1034
[ 2046211ms] [ERROR] WebSocket connection to 'ws://localhost:3003/' failed: Error in connection establishment: net::ERR_CONNECTION_REFUSED @ http://localhost:3003/@vite/client:1034
[ 2049705ms] [ERROR] WebSocket connection to 'ws://localhost:3003/' failed: Error in connection establishment: net::ERR_CONNECTION_REFUSED @ http://localhost:3003/@vite/client:1034
[ 2054334ms] [ERROR] WebSocket connection to 'ws://localhost:3003/' failed: Error in connection establishment: net::ERR_CONNECTION_REFUSED @ http://localhost:3003/@vite/client:1034
[ 2056830ms] [ERROR] WebSocket connection to 'ws://localhost:3003/' failed: Error in connection establishment: net::ERR_CONNECTION_REFUSED @ http://localhost:3003/@vite/client:1034
[ 2062320ms] [ERROR] WebSocket connection to 'ws://localhost:3003/' failed: Error in connection establishment: net::ERR_CONNECTION_REFUSED @ http://localhost:3003/@vite/client:1034
[ 2067001ms] [ERROR] WebSocket connection to 'ws://localhost:3003/' failed: Error in connection establishment: net::ERR_CONNECTION_REFUSED @ http://localhost:3003/@vite/client:1034
[ 2071325ms] [ERROR] WebSocket connection to 'ws://localhost:3003/' failed: Error in connection establishment: net::ERR_CONNECTION_REFUSED @ http://localhost:3003/@vite/client:1034
[ 2076356ms] [ERROR] WebSocket connection to 'ws://localhost:3003/' failed: Error in connection establishment: net::ERR_CONNECTION_REFUSED @ http://localhost:3003/@vite/client:1034
[ 2081529ms] [ERROR] WebSocket connection to 'ws://localhost:3003/' failed: Error in connection establishment: net::ERR_CONNECTION_REFUSED @ http://localhost:3003/@vite/client:1034
[ 2085496ms] [ERROR] WebSocket connection to 'ws://localhost:3003/' failed: Error in connection establishment: net::ERR_CONNECTION_REFUSED @ http://localhost:3003/@vite/client:1034
[ 2090017ms] [ERROR] WebSocket connection to 'ws://localhost:3003/' failed: Error in connection establishment: net::ERR_CONNECTION_REFUSED @ http://localhost:3003/@vite/client:1034
[ 2095917ms] [ERROR] WebSocket connection to 'ws://localhost:3003/' failed: Error in connection establishment: net::ERR_CONNECTION_REFUSED @ http://localhost:3003/@vite/client:1034
[ 2100834ms] [ERROR] WebSocket connection to 'ws://localhost:3003/' failed: Error in connection establishment: net::ERR_CONNECTION_REFUSED @ http://localhost:3003/@vite/client:1034
[ 2104605ms] [ERROR] WebSocket connection to 'ws://localhost:3003/' failed: Error in connection establishment: net::ERR_CONNECTION_REFUSED @ http://localhost:3003/@vite/client:1034
[ 2107083ms] [ERROR] WebSocket connection to 'ws://localhost:3003/' failed: Error in connection establishment: net::ERR_CONNECTION_REFUSED @ http://localhost:3003/@vite/client:1034
[ 2111471ms] [ERROR] WebSocket connection to 'ws://localhost:3003/' failed: Error in connection establishment: net::ERR_CONNECTION_REFUSED @ http://localhost:3003/@vite/client:1034
[ 2114551ms] [ERROR] WebSocket connection to 'ws://localhost:3003/' failed: Error in connection establishment: net::ERR_CONNECTION_REFUSED @ http://localhost:3003/@vite/client:1034
[ 2119373ms] [ERROR] WebSocket connection to 'ws://localhost:3003/' failed: Error in connection establishment: net::ERR_CONNECTION_REFUSED @ http://localhost:3003/@vite/client:1034
[ 2124049ms] [ERROR] WebSocket connection to 'ws://localhost:3003/' failed: Error in connection establishment: net::ERR_CONNECTION_REFUSED @ http://localhost:3003/@vite/client:1034
[ 2126386ms] [ERROR] WebSocket connection to 'ws://localhost:3003/' failed: Error in connection establishment: net::ERR_CONNECTION_REFUSED @ http://localhost:3003/@vite/client:1034
[ 2129839ms] [ERROR] WebSocket connection to 'ws://localhost:3003/' failed: Error in connection establishment: net::ERR_CONNECTION_REFUSED @ http://localhost:3003/@vite/client:1034
[ 2135082ms] [ERROR] WebSocket connection to 'ws://localhost:3003/' failed: Error in connection establishment: net::ERR_CONNECTION_REFUSED @ http://localhost:3003/@vite/client:1034
[ 2137734ms] [ERROR] WebSocket connection to 'ws://localhost:3003/' failed: Error in connection establishment: net::ERR_CONNECTION_REFUSED @ http://localhost:3003/@vite/client:1034
[ 2142866ms] [ERROR] WebSocket connection to 'ws://localhost:3003/' failed: Error in connection establishment: net::ERR_CONNECTION_REFUSED @ http://localhost:3003/@vite/client:1034
[ 2145305ms] [ERROR] WebSocket connection to 'ws://localhost:3003/' failed: Error in connection establishment: net::ERR_CONNECTION_REFUSED @ http://localhost:3003/@vite/client:1034
[ 2150975ms] [ERROR] WebSocket connection to 'ws://localhost:3003/' failed: Error in connection establishment: net::ERR_CONNECTION_REFUSED @ http://localhost:3003/@vite/client:1034
[ 2155639ms] [ERROR] WebSocket connection to 'ws://localhost:3003/' failed: Error in connection establishment: net::ERR_CONNECTION_REFUSED @ http://localhost:3003/@vite/client:1034
[ 2159018ms] [ERROR] WebSocket connection to 'ws://localhost:3003/' failed: Error in connection establishment: net::ERR_CONNECTION_REFUSED @ http://localhost:3003/@vite/client:1034
[ 2162766ms] [ERROR] WebSocket connection to 'ws://localhost:3003/' failed: Error in connection establishment: net::ERR_CONNECTION_REFUSED @ http://localhost:3003/@vite/client:1034
[ 2165722ms] [ERROR] WebSocket connection to 'ws://localhost:3003/' failed: Error in connection establishment: net::ERR_CONNECTION_REFUSED @ http://localhost:3003/@vite/client:1034
[ 2169095ms] [ERROR] WebSocket connection to 'ws://localhost:3003/' failed: Error in connection establishment: net::ERR_CONNECTION_REFUSED @ http://localhost:3003/@vite/client:1034
[ 2173482ms] [ERROR] WebSocket connection to 'ws://localhost:3003/' failed: Error in connection establishment: net::ERR_CONNECTION_REFUSED @ http://localhost:3003/@vite/client:1034
[ 2177885ms] [ERROR] WebSocket connection to 'ws://localhost:3003/' failed: Error in connection establishment: net::ERR_CONNECTION_REFUSED @ http://localhost:3003/@vite/client:1034
[ 2183463ms] [ERROR] WebSocket connection to 'ws://localhost:3003/' failed: Error in connection establishment: net::ERR_CONNECTION_REFUSED @ http://localhost:3003/@vite/client:1034
[ 2188539ms] [ERROR] WebSocket connection to 'ws://localhost:3003/' failed: Error in connection establishment: net::ERR_CONNECTION_REFUSED @ http://localhost:3003/@vite/client:1034
[ 2194302ms] [ERROR] WebSocket connection to 'ws://localhost:3003/' failed: Error in connection establishment: net::ERR_CONNECTION_REFUSED @ http://localhost:3003/@vite/client:1034
[ 2200134ms] [ERROR] WebSocket connection to 'ws://localhost:3003/' failed: Error in connection establishment: net::ERR_CONNECTION_REFUSED @ http://localhost:3003/@vite/client:1034
[ 2202962ms] [ERROR] WebSocket connection to 'ws://localhost:3003/' failed: Error in connection establishment: net::ERR_CONNECTION_REFUSED @ http://localhost:3003/@vite/client:1034
[ 2208258ms] [ERROR] WebSocket connection to 'ws://localhost:3003/' failed: Error in connection establishment: net::ERR_CONNECTION_REFUSED @ http://localhost:3003/@vite/client:1034
[ 2212982ms] [ERROR] WebSocket connection to 'ws://localhost:3003/' failed: Error in connection establishment: net::ERR_CONNECTION_REFUSED @ http://localhost:3003/@vite/client:1034
[ 2213985ms] [ERROR] WebSocket connection to 'ws://localhost:3003/' failed: Error in connection establishment: net::ERR_CONNECTION_REFUSED @ http://localhost:3003/@vite/client:1034
[ 2214989ms] [ERROR] WebSocket connection to 'ws://localhost:3003/' failed: Error in connection establishment: net::ERR_CONNECTION_REFUSED @ http://localhost:3003/@vite/client:1034
[ 2215992ms] [ERROR] WebSocket connection to 'ws://localhost:3003/' failed: Error in connection establishment: net::ERR_CONNECTION_REFUSED @ http://localhost:3003/@vite/client:1034
[ 2216996ms] [ERROR] WebSocket connection to 'ws://localhost:3003/' failed: Error in connection establishment: net::ERR_CONNECTION_REFUSED @ http://localhost:3003/@vite/client:1034
[ 2218000ms] [ERROR] WebSocket connection to 'ws://localhost:3003/' failed: Error in connection establishment: net::ERR_CONNECTION_REFUSED @ http://localhost:3003/@vite/client:1034
[ 2219007ms] [ERROR] WebSocket connection to 'ws://localhost:3003/' failed: Error in connection establishment: net::ERR_CONNECTION_REFUSED @ http://localhost:3003/@vite/client:1034
[ 2220017ms] [ERROR] WebSocket connection to 'ws://localhost:3003/' failed: Error in connection establishment: net::ERR_CONNECTION_REFUSED @ http://localhost:3003/@vite/client:1034
[ 2221033ms] [ERROR] WebSocket connection to 'ws://localhost:3003/' failed: Error in connection establishment: net::ERR_CONNECTION_REFUSED @ http://localhost:3003/@vite/client:1034
[ 2222077ms] [ERROR] WebSocket connection to 'ws://localhost:3003/' failed: Error in connection establishment: net::ERR_CONNECTION_REFUSED @ http://localhost:3003/@vite/client:1034
[ 2223206ms] [ERROR] WebSocket connection to 'ws://localhost:3003/' failed: Error in connection establishment: net::ERR_CONNECTION_REFUSED @ http://localhost:3003/@vite/client:1034
[ 2224316ms] [ERROR] WebSocket connection to 'ws://localhost:3003/' failed: Error in connection establishment: net::ERR_CONNECTION_REFUSED @ http://localhost:3003/@vite/client:1034
[ 2225418ms] [ERROR] WebSocket connection to 'ws://localhost:3003/' failed: Error in connection establishment: net::ERR_CONNECTION_REFUSED @ http://localhost:3003/@vite/client:1034
[ 2227039ms] [ERROR] WebSocket connection to 'ws://localhost:3003/' failed: Error in connection establishment: net::ERR_CONNECTION_REFUSED @ http://localhost:3003/@vite/client:1034
[ 2228869ms] [ERROR] WebSocket connection to 'ws://localhost:3003/' failed: Error in connection establishment: net::ERR_CONNECTION_REFUSED @ http://localhost:3003/@vite/client:1034
[ 2232248ms] [ERROR] WebSocket connection to 'ws://localhost:3003/' failed: Error in connection establishment: net::ERR_CONNECTION_REFUSED @ http://localhost:3003/@vite/client:1034
[ 2237782ms] [ERROR] WebSocket connection to 'ws://localhost:3003/' failed: Error in connection establishment: net::ERR_CONNECTION_REFUSED @ http://localhost:3003/@vite/client:1034
[ 2240655ms] [ERROR] WebSocket connection to 'ws://localhost:3003/' failed: Error in connection establishment: net::ERR_CONNECTION_REFUSED @ http://localhost:3003/@vite/client:1034
[ 2244975ms] [ERROR] WebSocket connection to 'ws://localhost:3003/' failed: Error in connection establishment: net::ERR_CONNECTION_REFUSED @ http://localhost:3003/@vite/client:1034
[ 2250091ms] [ERROR] WebSocket connection to 'ws://localhost:3003/' failed: Error in connection establishment: net::ERR_CONNECTION_REFUSED @ http://localhost:3003/@vite/client:1034
[ 2252572ms] [ERROR] WebSocket connection to 'ws://localhost:3003/' failed: Error in connection establishment: net::ERR_CONNECTION_REFUSED @ http://localhost:3003/@vite/client:1034
[ 2257191ms] [ERROR] WebSocket connection to 'ws://localhost:3003/' failed: Error in connection establishment: net::ERR_CONNECTION_REFUSED @ http://localhost:3003/@vite/client:1034
[ 2260688ms] [ERROR] WebSocket connection to 'ws://localhost:3003/' failed: Error in connection establishment: net::ERR_CONNECTION_REFUSED @ http://localhost:3003/@vite/client:1034
[ 2263546ms] [ERROR] WebSocket connection to 'ws://localhost:3003/' failed: Error in connection establishment: net::ERR_CONNECTION_REFUSED @ http://localhost:3003/@vite/client:1034
[ 2269508ms] [ERROR] WebSocket connection to 'ws://localhost:3003/' failed: Error in connection establishment: net::ERR_CONNECTION_REFUSED @ http://localhost:3003/@vite/client:1034
[ 2274200ms] [ERROR] WebSocket connection to 'ws://localhost:3003/' failed: Error in connection establishment: net::ERR_CONNECTION_REFUSED @ http://localhost:3003/@vite/client:1034
[ 2280111ms] [ERROR] WebSocket connection to 'ws://localhost:3003/' failed: Error in connection establishment: net::ERR_CONNECTION_REFUSED @ http://localhost:3003/@vite/client:1034
[ 2284333ms] [ERROR] WebSocket connection to 'ws://localhost:3003/' failed: Error in connection establishment: net::ERR_CONNECTION_REFUSED @ http://localhost:3003/@vite/client:1034
[ 2286833ms] [ERROR] WebSocket connection to 'ws://localhost:3003/' failed: Error in connection establishment: net::ERR_CONNECTION_REFUSED @ http://localhost:3003/@vite/client:1034
[ 2290359ms] [ERROR] WebSocket connection to 'ws://localhost:3003/' failed: Error in connection establishment: net::ERR_CONNECTION_REFUSED @ http://localhost:3003/@vite/client:1034
[ 2295274ms] [ERROR] WebSocket connection to 'ws://localhost:3003/' failed: Error in connection establishment: net::ERR_CONNECTION_REFUSED @ http://localhost:3003/@vite/client:1034
[ 2298350ms] [ERROR] WebSocket connection to 'ws://localhost:3003/' failed: Error in connection establishment: net::ERR_CONNECTION_REFUSED @ http://localhost:3003/@vite/client:1034
[ 2302655ms] [ERROR] WebSocket connection to 'ws://localhost:3003/' failed: Error in connection establishment: net::ERR_CONNECTION_REFUSED @ http://localhost:3003/@vite/client:1034
